<?xml version="1.0" encoding="UTF-8"?>
<testsuite name="Kompas"
           tests="12"
           failures="1"
           errors="0"
           skipped="0"
           time="5.949">
    <properties></properties>

            <testcase
                name="checkFormat"
                time="0.082"
                classname="test.kompas.ux.testUX">

            <failure type="java.lang.AssertionError" message="expected [true] but found [false]">
                <![CDATA[java.lang.AssertionError: expected [true] but found [false]
                org.testng.Assert.fail(Assert.java:96)org.testng.Assert.failNotEquals(Assert.java:776)org.testng.Assert.assertTrue(Assert.java:44)org.testng.Assert.assertTrue(Assert.java:54)test.kompas.ux.testUX.checkFormat(testUX.java:165)sun.reflect.NativeMethodAccessorImpl.invoke0(Native Method)sun.reflect.NativeMethodAccessorImpl.invoke(NativeMethodAccessorImpl.java:62)sun.reflect.DelegatingMethodAccessorImpl.invoke(DelegatingMethodAccessorImpl.java:43)java.lang.reflect.Method.invoke(Method.java:498)org.testng.internal.MethodInvocationHelper.invokeMethod(MethodInvocationHelper.java:124)org.testng.internal.Invoker.invokeMethod(Invoker.java:583)org.testng.internal.Invoker.invokeTestMethod(Invoker.java:719)org.testng.internal.Invoker.invokeTestMethods(Invoker.java:989)org.testng.internal.TestMethodWorker.invokeTestMethods(TestMethodWorker.java:125)org.testng.internal.TestMethodWorker.run(TestMethodWorker.java:109)org.testng.TestRunner.privateRun(TestRunner.java:648)org.testng.TestRunner.run(TestRunner.java:505)org.testng.SuiteRunner.runTest(SuiteRunner.java:455)org.testng.SuiteRunner.runSequentially(SuiteRunner.java:450)org.testng.SuiteRunner.privateRun(SuiteRunner.java:415)org.testng.SuiteRunner.run(SuiteRunner.java:364)org.testng.SuiteRunnerWorker.runSuite(SuiteRunnerWorker.java:52)org.testng.SuiteRunnerWorker.run(SuiteRunnerWorker.java:84)org.testng.TestNG.runSuitesSequentially(TestNG.java:1208)org.testng.TestNG.runSuitesLocally(TestNG.java:1137)org.testng.TestNG.runSuites(TestNG.java:1049)org.testng.TestNG.run(TestNG.java:1017)com.intellij.rt.testng.IDEARemoteTestNG.run(IDEARemoteTestNG.java:66)com.intellij.rt.testng.RemoteTestNGStarter.main(RemoteTestNGStarter.java:109)
]]>
            </failure>
    </testcase>


            <testcase
                name="checkArtikelLainnya"
                time="0.021"
                classname="test.kompas.ux.testUX">
            </testcase>
            <testcase
                name="listFont"
                time="0.184"
                classname="test.kompas.ux.testUX">
            </testcase>
            <testcase
                name="checkURL"
                time="0.167"
                classname="test.kompas.ux.testUX">
            </testcase>
            <testcase
                name="checkArtikelTerpopuler"
                time="0.027"
                classname="test.kompas.ux.testUX">
            </testcase>
            <testcase
                name="checkArtikelTerbaru"
                time="0.061"
                classname="test.kompas.ux.testUX">
            </testcase>
            <testcase
                name="checkFont"
                time="0.055"
                classname="test.kompas.ux.testUX">
            </testcase>
            <testcase
                name="checkPosisiArtikel"
                time="0.057"
                classname="test.kompas.ux.testUX">
            </testcase>
            <testcase
                name="checkFacebook"
                time="2.399"
                classname="test.kompas.ux.testUX">
            </testcase>
            <testcase
                name="checkTwitter"
                time="1.352"
                classname="test.kompas.ux.testUX">
            </testcase>
            <testcase
                name="checkWhatsapp"
                time="1.453"
                classname="test.kompas.ux.testUX">
            </testcase>
            <testcase
                name="checkArtikelTerkait"
                time="0.091"
                classname="test.kompas.ux.testUX">
            </testcase>
</testsuite>
